<?xml version="1.0" encoding="UTF-8"?>
<!-- Generated by org.testng.reporters.JUnitXMLReporter -->
<testsuite ignored="0" hostname="Jeeva" failures="1" tests="1" name="Surefire test" time="0.033" errors="0" timestamp="2024-07-20T19:46:13 IST">
  <testcase classname="seleniumGrid.CrossBrowserTest" name="parallelTest" time="0.0">
    <failure type="org.testng.TestNGException" message="
Parameter &amp;apos;bname&amp;apos; is required by @Test on method parallelTest but has not been marked @Optional or defined
">
      <![CDATA[org.testng.TestNGException: 
Parameter 'bname' is required by @Test on method parallelTest but has not been marked @Optional or defined

at java.base/java.util.ArrayList.forEach(ArrayList.java:1596)
... Removed 31 stack frames]]>
    </failure>
  </testcase> <!-- parallelTest -->
</testsuite> <!-- Surefire test -->
